<?xml version="1.0" encoding="UTF-8"?>
<testsuite xmlns:xsi="http://www.w3.org/2001/XMLSchema-instance" xsi:noNamespaceSchemaLocation="https://maven.apache.org/surefire/maven-surefire-plugin/xsd/surefire-test-report.xsd" version="3.0.2" name="com.example.blog_system.DemoApplicationTests" time="2.449" tests="1" errors="0" skipped="0" failures="0">
  <properties>
    <property name="java.specification.version" value="17"/>
    <property name="sun.cpu.isalist" value="amd64"/>
    <property name="sun.jnu.encoding" value="GBK"/>
    <property name="java.class.path" value="D:\700-code\710-GitHub\java-personal-blog\java-blog-backend\target\test-classes;D:\700-code\710-GitHub\java-personal-blog\java-blog-backend\target\classes;D:\java\maven\maven3.9.9-repository\org\springframework\boot\spring-boot-starter\3.4.4\spring-boot-starter-3.4.4.jar;D:\java\maven\maven3.9.9-repository\org\springframework\boot\spring-boot\3.4.4\spring-boot-3.4.4.jar;D:\java\maven\maven3.9.9-repository\org\springframework\spring-context\6.2.5\spring-context-6.2.5.jar;D:\java\maven\maven3.9.9-repository\org\springframework\boot\spring-boot-autoconfigure\3.4.4\spring-boot-autoconfigure-3.4.4.jar;D:\java\maven\maven3.9.9-repository\org\springframework\boot\spring-boot-starter-logging\3.4.4\spring-boot-starter-logging-3.4.4.jar;D:\java\maven\maven3.9.9-repository\ch\qos\logback\logback-classic\1.5.18\logback-classic-1.5.18.jar;D:\java\maven\maven3.9.9-repository\ch\qos\logback\logback-core\1.5.18\logback-core-1.5.18.jar;D:\java\maven\maven3.9.9-repository\org\apache\logging\log4j\log4j-to-slf4j\2.24.3\log4j-to-slf4j-2.24.3.jar;D:\java\maven\maven3.9.9-repository\org\apache\logging\log4j\log4j-api\2.24.3\log4j-api-2.24.3.jar;D:\java\maven\maven3.9.9-repository\org\slf4j\jul-to-slf4j\2.0.17\jul-to-slf4j-2.0.17.jar;D:\java\maven\maven3.9.9-repository\jakarta\annotation\jakarta.annotation-api\2.1.1\jakarta.annotation-api-2.1.1.jar;D:\java\maven\maven3.9.9-repository\org\springframework\spring-core\6.2.5\spring-core-6.2.5.jar;D:\java\maven\maven3.9.9-repository\org\springframework\spring-jcl\6.2.5\spring-jcl-6.2.5.jar;D:\java\maven\maven3.9.9-repository\org\yaml\snakeyaml\2.3\snakeyaml-2.3.jar;D:\java\maven\maven3.9.9-repository\org\springframework\boot\spring-boot-starter-web\3.4.4\spring-boot-starter-web-3.4.4.jar;D:\java\maven\maven3.9.9-repository\org\springframework\boot\spring-boot-starter-json\3.4.4\spring-boot-starter-json-3.4.4.jar;D:\java\maven\maven3.9.9-repository\com\fasterxml\jackson\datatype\jackson-datatype-jdk8\2.18.3\jackson-datatype-jdk8-2.18.3.jar;D:\java\maven\maven3.9.9-repository\com\fasterxml\jackson\datatype\jackson-datatype-jsr310\2.18.3\jackson-datatype-jsr310-2.18.3.jar;D:\java\maven\maven3.9.9-repository\com\fasterxml\jackson\module\jackson-module-parameter-names\2.18.3\jackson-module-parameter-names-2.18.3.jar;D:\java\maven\maven3.9.9-repository\org\springframework\boot\spring-boot-starter-tomcat\3.4.4\spring-boot-starter-tomcat-3.4.4.jar;D:\java\maven\maven3.9.9-repository\org\apache\tomcat\embed\tomcat-embed-core\10.1.39\tomcat-embed-core-10.1.39.jar;D:\java\maven\maven3.9.9-repository\org\apache\tomcat\embed\tomcat-embed-websocket\10.1.39\tomcat-embed-websocket-10.1.39.jar;D:\java\maven\maven3.9.9-repository\org\springframework\spring-web\6.2.5\spring-web-6.2.5.jar;D:\java\maven\maven3.9.9-repository\org\springframework\spring-beans\6.2.5\spring-beans-6.2.5.jar;D:\java\maven\maven3.9.9-repository\io\micrometer\micrometer-observation\1.14.5\micrometer-observation-1.14.5.jar;D:\java\maven\maven3.9.9-repository\io\micrometer\micrometer-commons\1.14.5\micrometer-commons-1.14.5.jar;D:\java\maven\maven3.9.9-repository\org\springframework\spring-webmvc\6.2.5\spring-webmvc-6.2.5.jar;D:\java\maven\maven3.9.9-repository\org\springframework\spring-expression\6.2.5\spring-expression-6.2.5.jar;D:\java\maven\maven3.9.9-repository\org\springframework\boot\spring-boot-starter-security\3.4.4\spring-boot-starter-security-3.4.4.jar;D:\java\maven\maven3.9.9-repository\org\springframework\spring-aop\6.2.5\spring-aop-6.2.5.jar;D:\java\maven\maven3.9.9-repository\org\springframework\security\spring-security-config\6.4.4\spring-security-config-6.4.4.jar;D:\java\maven\maven3.9.9-repository\org\springframework\security\spring-security-core\6.4.4\spring-security-core-6.4.4.jar;D:\java\maven\maven3.9.9-repository\org\springframework\security\spring-security-crypto\6.4.4\spring-security-crypto-6.4.4.jar;D:\java\maven\maven3.9.9-repository\org\springframework\security\spring-security-web\6.4.4\spring-security-web-6.4.4.jar;D:\java\maven\maven3.9.9-repository\org\springframework\boot\spring-boot-starter-thymeleaf\3.4.4\spring-boot-starter-thymeleaf-3.4.4.jar;D:\java\maven\maven3.9.9-repository\org\thymeleaf\thymeleaf-spring6\3.1.3.RELEASE\thymeleaf-spring6-3.1.3.RELEASE.jar;D:\java\maven\maven3.9.9-repository\org\thymeleaf\thymeleaf\3.1.3.RELEASE\thymeleaf-3.1.3.RELEASE.jar;D:\java\maven\maven3.9.9-repository\org\attoparser\attoparser\2.0.7.RELEASE\attoparser-2.0.7.RELEASE.jar;D:\java\maven\maven3.9.9-repository\org\unbescape\unbescape\1.1.6.RELEASE\unbescape-1.1.6.RELEASE.jar;D:\java\maven\maven3.9.9-repository\org\thymeleaf\extras\thymeleaf-extras-springsecurity6\3.1.3.RELEASE\thymeleaf-extras-springsecurity6-3.1.3.RELEASE.jar;D:\java\maven\maven3.9.9-repository\org\slf4j\slf4j-api\2.0.17\slf4j-api-2.0.17.jar;D:\java\maven\maven3.9.9-repository\org\projectlombok\lombok\1.18.36\lombok-1.18.36.jar;D:\java\maven\maven3.9.9-repository\com\github\penggle\kaptcha\2.3.2\kaptcha-2.3.2.jar;D:\java\maven\maven3.9.9-repository\javax\servlet\javax.servlet-api\3.1.0\javax.servlet-api-3.1.0.jar;D:\java\maven\maven3.9.9-repository\com\jhlabs\filters\2.0.235-1\filters-2.0.235-1.jar;D:\java\maven\maven3.9.9-repository\com\mysql\mysql-connector-j\8.0.33\mysql-connector-j-8.0.33.jar;D:\java\maven\maven3.9.9-repository\com\alibaba\druid-spring-boot-starter\1.2.20\druid-spring-boot-starter-1.2.20.jar;D:\java\maven\maven3.9.9-repository\com\alibaba\druid\1.2.20\druid-1.2.20.jar;D:\java\maven\maven3.9.9-repository\org\glassfish\jaxb\jaxb-runtime\4.0.5\jaxb-runtime-4.0.5.jar;D:\java\maven\maven3.9.9-repository\org\glassfish\jaxb\jaxb-core\4.0.5\jaxb-core-4.0.5.jar;D:\java\maven\maven3.9.9-repository\org\eclipse\angus\angus-activation\2.0.2\angus-activation-2.0.2.jar;D:\java\maven\maven3.9.9-repository\org\glassfish\jaxb\txw2\4.0.5\txw2-4.0.5.jar;D:\java\maven\maven3.9.9-repository\com\sun\istack\istack-commons-runtime\4.1.2\istack-commons-runtime-4.1.2.jar;D:\java\maven\maven3.9.9-repository\org\mybatis\spring\boot\mybatis-spring-boot-starter\3.0.3\mybatis-spring-boot-starter-3.0.3.jar;D:\java\maven\maven3.9.9-repository\org\springframework\boot\spring-boot-starter-jdbc\3.4.4\spring-boot-starter-jdbc-3.4.4.jar;D:\java\maven\maven3.9.9-repository\com\zaxxer\HikariCP\5.1.0\HikariCP-5.1.0.jar;D:\java\maven\maven3.9.9-repository\org\springframework\spring-jdbc\6.2.5\spring-jdbc-6.2.5.jar;D:\java\maven\maven3.9.9-repository\org\springframework\spring-tx\6.2.5\spring-tx-6.2.5.jar;D:\java\maven\maven3.9.9-repository\org\mybatis\spring\boot\mybatis-spring-boot-autoconfigure\3.0.3\mybatis-spring-boot-autoconfigure-3.0.3.jar;D:\java\maven\maven3.9.9-repository\org\mybatis\mybatis\3.5.14\mybatis-3.5.14.jar;D:\java\maven\maven3.9.9-repository\org\mybatis\mybatis-spring\3.0.3\mybatis-spring-3.0.3.jar;D:\java\maven\maven3.9.9-repository\org\springframework\boot\spring-boot-starter-validation\3.4.4\spring-boot-starter-validation-3.4.4.jar;D:\java\maven\maven3.9.9-repository\org\apache\tomcat\embed\tomcat-embed-el\10.1.39\tomcat-embed-el-10.1.39.jar;D:\java\maven\maven3.9.9-repository\org\hibernate\validator\hibernate-validator\8.0.2.Final\hibernate-validator-8.0.2.Final.jar;D:\java\maven\maven3.9.9-repository\jakarta\validation\jakarta.validation-api\3.0.2\jakarta.validation-api-3.0.2.jar;D:\java\maven\maven3.9.9-repository\org\jboss\logging\jboss-logging\3.6.1.Final\jboss-logging-3.6.1.Final.jar;D:\java\maven\maven3.9.9-repository\com\fasterxml\classmate\1.7.0\classmate-1.7.0.jar;D:\java\maven\maven3.9.9-repository\jakarta\servlet\jakarta.servlet-api\6.0.0\jakarta.servlet-api-6.0.0.jar;D:\java\maven\maven3.9.9-repository\io\jsonwebtoken\jjwt-api\0.11.5\jjwt-api-0.11.5.jar;D:\java\maven\maven3.9.9-repository\io\jsonwebtoken\jjwt-impl\0.11.5\jjwt-impl-0.11.5.jar;D:\java\maven\maven3.9.9-repository\io\jsonwebtoken\jjwt-jackson\0.11.5\jjwt-jackson-0.11.5.jar;D:\java\maven\maven3.9.9-repository\com\fasterxml\jackson\core\jackson-databind\2.18.3\jackson-databind-2.18.3.jar;D:\java\maven\maven3.9.9-repository\com\fasterxml\jackson\core\jackson-annotations\2.18.3\jackson-annotations-2.18.3.jar;D:\java\maven\maven3.9.9-repository\com\fasterxml\jackson\core\jackson-core\2.18.3\jackson-core-2.18.3.jar;D:\java\maven\maven3.9.9-repository\org\webjars\jquery\3.7.1\jquery-3.7.1.jar;D:\java\maven\maven3.9.9-repository\org\webjars\bootstrap\5.3.2\bootstrap-5.3.2.jar;D:\java\maven\maven3.9.9-repository\org\springframework\boot\spring-boot-devtools\3.4.4\spring-boot-devtools-3.4.4.jar;D:\java\maven\maven3.9.9-repository\org\springframework\boot\spring-boot-starter-test\3.4.4\spring-boot-starter-test-3.4.4.jar;D:\java\maven\maven3.9.9-repository\org\springframework\boot\spring-boot-test\3.4.4\spring-boot-test-3.4.4.jar;D:\java\maven\maven3.9.9-repository\org\springframework\boot\spring-boot-test-autoconfigure\3.4.4\spring-boot-test-autoconfigure-3.4.4.jar;D:\java\maven\maven3.9.9-repository\com\jayway\jsonpath\json-path\2.9.0\json-path-2.9.0.jar;D:\java\maven\maven3.9.9-repository\jakarta\xml\bind\jakarta.xml.bind-api\4.0.2\jakarta.xml.bind-api-4.0.2.jar;D:\java\maven\maven3.9.9-repository\jakarta\activation\jakarta.activation-api\2.1.3\jakarta.activation-api-2.1.3.jar;D:\java\maven\maven3.9.9-repository\net\minidev\json-smart\2.5.2\json-smart-2.5.2.jar;D:\java\maven\maven3.9.9-repository\net\minidev\accessors-smart\2.5.2\accessors-smart-2.5.2.jar;D:\java\maven\maven3.9.9-repository\org\ow2\asm\asm\9.7.1\asm-9.7.1.jar;D:\java\maven\maven3.9.9-repository\org\assertj\assertj-core\3.26.3\assertj-core-3.26.3.jar;D:\java\maven\maven3.9.9-repository\net\bytebuddy\byte-buddy\1.15.11\byte-buddy-1.15.11.jar;D:\java\maven\maven3.9.9-repository\org\awaitility\awaitility\4.2.2\awaitility-4.2.2.jar;D:\java\maven\maven3.9.9-repository\org\hamcrest\hamcrest\2.2\hamcrest-2.2.jar;D:\java\maven\maven3.9.9-repository\org\junit\jupiter\junit-jupiter\5.11.4\junit-jupiter-5.11.4.jar;D:\java\maven\maven3.9.9-repository\org\junit\jupiter\junit-jupiter-api\5.11.4\junit-jupiter-api-5.11.4.jar;D:\java\maven\maven3.9.9-repository\org\opentest4j\opentest4j\1.3.0\opentest4j-1.3.0.jar;D:\java\maven\maven3.9.9-repository\org\junit\platform\junit-platform-commons\1.11.4\junit-platform-commons-1.11.4.jar;D:\java\maven\maven3.9.9-repository\org\apiguardian\apiguardian-api\1.1.2\apiguardian-api-1.1.2.jar;D:\java\maven\maven3.9.9-repository\org\junit\jupiter\junit-jupiter-params\5.11.4\junit-jupiter-params-5.11.4.jar;D:\java\maven\maven3.9.9-repository\org\junit\jupiter\junit-jupiter-engine\5.11.4\junit-jupiter-engine-5.11.4.jar;D:\java\maven\maven3.9.9-repository\org\junit\platform\junit-platform-engine\1.11.4\junit-platform-engine-1.11.4.jar;D:\java\maven\maven3.9.9-repository\org\mockito\mockito-core\5.14.2\mockito-core-5.14.2.jar;D:\java\maven\maven3.9.9-repository\net\bytebuddy\byte-buddy-agent\1.15.11\byte-buddy-agent-1.15.11.jar;D:\java\maven\maven3.9.9-repository\org\objenesis\objenesis\3.3\objenesis-3.3.jar;D:\java\maven\maven3.9.9-repository\org\mockito\mockito-junit-jupiter\5.14.2\mockito-junit-jupiter-5.14.2.jar;D:\java\maven\maven3.9.9-repository\org\skyscreamer\jsonassert\1.5.3\jsonassert-1.5.3.jar;D:\java\maven\maven3.9.9-repository\com\vaadin\external\google\android-json\0.0.20131108.vaadin1\android-json-0.0.20131108.vaadin1.jar;D:\java\maven\maven3.9.9-repository\org\springframework\spring-test\6.2.5\spring-test-6.2.5.jar;D:\java\maven\maven3.9.9-repository\org\xmlunit\xmlunit-core\2.10.0\xmlunit-core-2.10.0.jar;"/>
    <property name="java.vm.vendor" value="Oracle Corporation"/>
    <property name="sun.arch.data.model" value="64"/>
    <property name="user.variant" value=""/>
    <property name="java.vendor.url" value="https://java.oracle.com/"/>
    <property name="user.timezone" value="Asia/Shanghai"/>
    <property name="org.jboss.logging.provider" value="slf4j"/>
    <property name="os.name" value="Windows 10"/>
    <property name="java.vm.specification.version" value="17"/>
    <property name="APPLICATION_NAME" value="demo"/>
    <property name="sun.java.launcher" value="SUN_STANDARD"/>
    <property name="user.country" value="CN"/>
    <property name="sun.boot.library.path" value="D:\software\Java\develop_tools\jdk\jdk-17.0.2\bin"/>
    <property name="sun.java.command" value="C:\Users\wuwen\AppData\Local\Temp\surefire809101722040209680\surefirebooter-20250421010111438_3.jar C:\Users\wuwen\AppData\Local\Temp\surefire809101722040209680 2025-04-21T01-01-11_299-jvmRun1 surefire-20250421010111438_1tmp surefire_0-20250421010111438_2tmp"/>
    <property name="jdk.debug" value="release"/>
    <property name="surefire.test.class.path" value="D:\700-code\710-GitHub\java-personal-blog\java-blog-backend\target\test-classes;D:\700-code\710-GitHub\java-personal-blog\java-blog-backend\target\classes;D:\java\maven\maven3.9.9-repository\org\springframework\boot\spring-boot-starter\3.4.4\spring-boot-starter-3.4.4.jar;D:\java\maven\maven3.9.9-repository\org\springframework\boot\spring-boot\3.4.4\spring-boot-3.4.4.jar;D:\java\maven\maven3.9.9-repository\org\springframework\spring-context\6.2.5\spring-context-6.2.5.jar;D:\java\maven\maven3.9.9-repository\org\springframework\boot\spring-boot-autoconfigure\3.4.4\spring-boot-autoconfigure-3.4.4.jar;D:\java\maven\maven3.9.9-repository\org\springframework\boot\spring-boot-starter-logging\3.4.4\spring-boot-starter-logging-3.4.4.jar;D:\java\maven\maven3.9.9-repository\ch\qos\logback\logback-classic\1.5.18\logback-classic-1.5.18.jar;D:\java\maven\maven3.9.9-repository\ch\qos\logback\logback-core\1.5.18\logback-core-1.5.18.jar;D:\java\maven\maven3.9.9-repository\org\apache\logging\log4j\log4j-to-slf4j\2.24.3\log4j-to-slf4j-2.24.3.jar;D:\java\maven\maven3.9.9-repository\org\apache\logging\log4j\log4j-api\2.24.3\log4j-api-2.24.3.jar;D:\java\maven\maven3.9.9-repository\org\slf4j\jul-to-slf4j\2.0.17\jul-to-slf4j-2.0.17.jar;D:\java\maven\maven3.9.9-repository\jakarta\annotation\jakarta.annotation-api\2.1.1\jakarta.annotation-api-2.1.1.jar;D:\java\maven\maven3.9.9-repository\org\springframework\spring-core\6.2.5\spring-core-6.2.5.jar;D:\java\maven\maven3.9.9-repository\org\springframework\spring-jcl\6.2.5\spring-jcl-6.2.5.jar;D:\java\maven\maven3.9.9-repository\org\yaml\snakeyaml\2.3\snakeyaml-2.3.jar;D:\java\maven\maven3.9.9-repository\org\springframework\boot\spring-boot-starter-web\3.4.4\spring-boot-starter-web-3.4.4.jar;D:\java\maven\maven3.9.9-repository\org\springframework\boot\spring-boot-starter-json\3.4.4\spring-boot-starter-json-3.4.4.jar;D:\java\maven\maven3.9.9-repository\com\fasterxml\jackson\datatype\jackson-datatype-jdk8\2.18.3\jackson-datatype-jdk8-2.18.3.jar;D:\java\maven\maven3.9.9-repository\com\fasterxml\jackson\datatype\jackson-datatype-jsr310\2.18.3\jackson-datatype-jsr310-2.18.3.jar;D:\java\maven\maven3.9.9-repository\com\fasterxml\jackson\module\jackson-module-parameter-names\2.18.3\jackson-module-parameter-names-2.18.3.jar;D:\java\maven\maven3.9.9-repository\org\springframework\boot\spring-boot-starter-tomcat\3.4.4\spring-boot-starter-tomcat-3.4.4.jar;D:\java\maven\maven3.9.9-repository\org\apache\tomcat\embed\tomcat-embed-core\10.1.39\tomcat-embed-core-10.1.39.jar;D:\java\maven\maven3.9.9-repository\org\apache\tomcat\embed\tomcat-embed-websocket\10.1.39\tomcat-embed-websocket-10.1.39.jar;D:\java\maven\maven3.9.9-repository\org\springframework\spring-web\6.2.5\spring-web-6.2.5.jar;D:\java\maven\maven3.9.9-repository\org\springframework\spring-beans\6.2.5\spring-beans-6.2.5.jar;D:\java\maven\maven3.9.9-repository\io\micrometer\micrometer-observation\1.14.5\micrometer-observation-1.14.5.jar;D:\java\maven\maven3.9.9-repository\io\micrometer\micrometer-commons\1.14.5\micrometer-commons-1.14.5.jar;D:\java\maven\maven3.9.9-repository\org\springframework\spring-webmvc\6.2.5\spring-webmvc-6.2.5.jar;D:\java\maven\maven3.9.9-repository\org\springframework\spring-expression\6.2.5\spring-expression-6.2.5.jar;D:\java\maven\maven3.9.9-repository\org\springframework\boot\spring-boot-starter-security\3.4.4\spring-boot-starter-security-3.4.4.jar;D:\java\maven\maven3.9.9-repository\org\springframework\spring-aop\6.2.5\spring-aop-6.2.5.jar;D:\java\maven\maven3.9.9-repository\org\springframework\security\spring-security-config\6.4.4\spring-security-config-6.4.4.jar;D:\java\maven\maven3.9.9-repository\org\springframework\security\spring-security-core\6.4.4\spring-security-core-6.4.4.jar;D:\java\maven\maven3.9.9-repository\org\springframework\security\spring-security-crypto\6.4.4\spring-security-crypto-6.4.4.jar;D:\java\maven\maven3.9.9-repository\org\springframework\security\spring-security-web\6.4.4\spring-security-web-6.4.4.jar;D:\java\maven\maven3.9.9-repository\org\springframework\boot\spring-boot-starter-thymeleaf\3.4.4\spring-boot-starter-thymeleaf-3.4.4.jar;D:\java\maven\maven3.9.9-repository\org\thymeleaf\thymeleaf-spring6\3.1.3.RELEASE\thymeleaf-spring6-3.1.3.RELEASE.jar;D:\java\maven\maven3.9.9-repository\org\thymeleaf\thymeleaf\3.1.3.RELEASE\thymeleaf-3.1.3.RELEASE.jar;D:\java\maven\maven3.9.9-repository\org\attoparser\attoparser\2.0.7.RELEASE\attoparser-2.0.7.RELEASE.jar;D:\java\maven\maven3.9.9-repository\org\unbescape\unbescape\1.1.6.RELEASE\unbescape-1.1.6.RELEASE.jar;D:\java\maven\maven3.9.9-repository\org\thymeleaf\extras\thymeleaf-extras-springsecurity6\3.1.3.RELEASE\thymeleaf-extras-springsecurity6-3.1.3.RELEASE.jar;D:\java\maven\maven3.9.9-repository\org\slf4j\slf4j-api\2.0.17\slf4j-api-2.0.17.jar;D:\java\maven\maven3.9.9-repository\org\projectlombok\lombok\1.18.36\lombok-1.18.36.jar;D:\java\maven\maven3.9.9-repository\com\github\penggle\kaptcha\2.3.2\kaptcha-2.3.2.jar;D:\java\maven\maven3.9.9-repository\javax\servlet\javax.servlet-api\3.1.0\javax.servlet-api-3.1.0.jar;D:\java\maven\maven3.9.9-repository\com\jhlabs\filters\2.0.235-1\filters-2.0.235-1.jar;D:\java\maven\maven3.9.9-repository\com\mysql\mysql-connector-j\8.0.33\mysql-connector-j-8.0.33.jar;D:\java\maven\maven3.9.9-repository\com\alibaba\druid-spring-boot-starter\1.2.20\druid-spring-boot-starter-1.2.20.jar;D:\java\maven\maven3.9.9-repository\com\alibaba\druid\1.2.20\druid-1.2.20.jar;D:\java\maven\maven3.9.9-repository\org\glassfish\jaxb\jaxb-runtime\4.0.5\jaxb-runtime-4.0.5.jar;D:\java\maven\maven3.9.9-repository\org\glassfish\jaxb\jaxb-core\4.0.5\jaxb-core-4.0.5.jar;D:\java\maven\maven3.9.9-repository\org\eclipse\angus\angus-activation\2.0.2\angus-activation-2.0.2.jar;D:\java\maven\maven3.9.9-repository\org\glassfish\jaxb\txw2\4.0.5\txw2-4.0.5.jar;D:\java\maven\maven3.9.9-repository\com\sun\istack\istack-commons-runtime\4.1.2\istack-commons-runtime-4.1.2.jar;D:\java\maven\maven3.9.9-repository\org\mybatis\spring\boot\mybatis-spring-boot-starter\3.0.3\mybatis-spring-boot-starter-3.0.3.jar;D:\java\maven\maven3.9.9-repository\org\springframework\boot\spring-boot-starter-jdbc\3.4.4\spring-boot-starter-jdbc-3.4.4.jar;D:\java\maven\maven3.9.9-repository\com\zaxxer\HikariCP\5.1.0\HikariCP-5.1.0.jar;D:\java\maven\maven3.9.9-repository\org\springframework\spring-jdbc\6.2.5\spring-jdbc-6.2.5.jar;D:\java\maven\maven3.9.9-repository\org\springframework\spring-tx\6.2.5\spring-tx-6.2.5.jar;D:\java\maven\maven3.9.9-repository\org\mybatis\spring\boot\mybatis-spring-boot-autoconfigure\3.0.3\mybatis-spring-boot-autoconfigure-3.0.3.jar;D:\java\maven\maven3.9.9-repository\org\mybatis\mybatis\3.5.14\mybatis-3.5.14.jar;D:\java\maven\maven3.9.9-repository\org\mybatis\mybatis-spring\3.0.3\mybatis-spring-3.0.3.jar;D:\java\maven\maven3.9.9-repository\org\springframework\boot\spring-boot-starter-validation\3.4.4\spring-boot-starter-validation-3.4.4.jar;D:\java\maven\maven3.9.9-repository\org\apache\tomcat\embed\tomcat-embed-el\10.1.39\tomcat-embed-el-10.1.39.jar;D:\java\maven\maven3.9.9-repository\org\hibernate\validator\hibernate-validator\8.0.2.Final\hibernate-validator-8.0.2.Final.jar;D:\java\maven\maven3.9.9-repository\jakarta\validation\jakarta.validation-api\3.0.2\jakarta.validation-api-3.0.2.jar;D:\java\maven\maven3.9.9-repository\org\jboss\logging\jboss-logging\3.6.1.Final\jboss-logging-3.6.1.Final.jar;D:\java\maven\maven3.9.9-repository\com\fasterxml\classmate\1.7.0\classmate-1.7.0.jar;D:\java\maven\maven3.9.9-repository\jakarta\servlet\jakarta.servlet-api\6.0.0\jakarta.servlet-api-6.0.0.jar;D:\java\maven\maven3.9.9-repository\io\jsonwebtoken\jjwt-api\0.11.5\jjwt-api-0.11.5.jar;D:\java\maven\maven3.9.9-repository\io\jsonwebtoken\jjwt-impl\0.11.5\jjwt-impl-0.11.5.jar;D:\java\maven\maven3.9.9-repository\io\jsonwebtoken\jjwt-jackson\0.11.5\jjwt-jackson-0.11.5.jar;D:\java\maven\maven3.9.9-repository\com\fasterxml\jackson\core\jackson-databind\2.18.3\jackson-databind-2.18.3.jar;D:\java\maven\maven3.9.9-repository\com\fasterxml\jackson\core\jackson-annotations\2.18.3\jackson-annotations-2.18.3.jar;D:\java\maven\maven3.9.9-repository\com\fasterxml\jackson\core\jackson-core\2.18.3\jackson-core-2.18.3.jar;D:\java\maven\maven3.9.9-repository\org\webjars\jquery\3.7.1\jquery-3.7.1.jar;D:\java\maven\maven3.9.9-repository\org\webjars\bootstrap\5.3.2\bootstrap-5.3.2.jar;D:\java\maven\maven3.9.9-repository\org\springframework\boot\spring-boot-devtools\3.4.4\spring-boot-devtools-3.4.4.jar;D:\java\maven\maven3.9.9-repository\org\springframework\boot\spring-boot-starter-test\3.4.4\spring-boot-starter-test-3.4.4.jar;D:\java\maven\maven3.9.9-repository\org\springframework\boot\spring-boot-test\3.4.4\spring-boot-test-3.4.4.jar;D:\java\maven\maven3.9.9-repository\org\springframework\boot\spring-boot-test-autoconfigure\3.4.4\spring-boot-test-autoconfigure-3.4.4.jar;D:\java\maven\maven3.9.9-repository\com\jayway\jsonpath\json-path\2.9.0\json-path-2.9.0.jar;D:\java\maven\maven3.9.9-repository\jakarta\xml\bind\jakarta.xml.bind-api\4.0.2\jakarta.xml.bind-api-4.0.2.jar;D:\java\maven\maven3.9.9-repository\jakarta\activation\jakarta.activation-api\2.1.3\jakarta.activation-api-2.1.3.jar;D:\java\maven\maven3.9.9-repository\net\minidev\json-smart\2.5.2\json-smart-2.5.2.jar;D:\java\maven\maven3.9.9-repository\net\minidev\accessors-smart\2.5.2\accessors-smart-2.5.2.jar;D:\java\maven\maven3.9.9-repository\org\ow2\asm\asm\9.7.1\asm-9.7.1.jar;D:\java\maven\maven3.9.9-repository\org\assertj\assertj-core\3.26.3\assertj-core-3.26.3.jar;D:\java\maven\maven3.9.9-repository\net\bytebuddy\byte-buddy\1.15.11\byte-buddy-1.15.11.jar;D:\java\maven\maven3.9.9-repository\org\awaitility\awaitility\4.2.2\awaitility-4.2.2.jar;D:\java\maven\maven3.9.9-repository\org\hamcrest\hamcrest\2.2\hamcrest-2.2.jar;D:\java\maven\maven3.9.9-repository\org\junit\jupiter\junit-jupiter\5.11.4\junit-jupiter-5.11.4.jar;D:\java\maven\maven3.9.9-repository\org\junit\jupiter\junit-jupiter-api\5.11.4\junit-jupiter-api-5.11.4.jar;D:\java\maven\maven3.9.9-repository\org\opentest4j\opentest4j\1.3.0\opentest4j-1.3.0.jar;D:\java\maven\maven3.9.9-repository\org\junit\platform\junit-platform-commons\1.11.4\junit-platform-commons-1.11.4.jar;D:\java\maven\maven3.9.9-repository\org\apiguardian\apiguardian-api\1.1.2\apiguardian-api-1.1.2.jar;D:\java\maven\maven3.9.9-repository\org\junit\jupiter\junit-jupiter-params\5.11.4\junit-jupiter-params-5.11.4.jar;D:\java\maven\maven3.9.9-repository\org\junit\jupiter\junit-jupiter-engine\5.11.4\junit-jupiter-engine-5.11.4.jar;D:\java\maven\maven3.9.9-repository\org\junit\platform\junit-platform-engine\1.11.4\junit-platform-engine-1.11.4.jar;D:\java\maven\maven3.9.9-repository\org\mockito\mockito-core\5.14.2\mockito-core-5.14.2.jar;D:\java\maven\maven3.9.9-repository\net\bytebuddy\byte-buddy-agent\1.15.11\byte-buddy-agent-1.15.11.jar;D:\java\maven\maven3.9.9-repository\org\objenesis\objenesis\3.3\objenesis-3.3.jar;D:\java\maven\maven3.9.9-repository\org\mockito\mockito-junit-jupiter\5.14.2\mockito-junit-jupiter-5.14.2.jar;D:\java\maven\maven3.9.9-repository\org\skyscreamer\jsonassert\1.5.3\jsonassert-1.5.3.jar;D:\java\maven\maven3.9.9-repository\com\vaadin\external\google\android-json\0.0.20131108.vaadin1\android-json-0.0.20131108.vaadin1.jar;D:\java\maven\maven3.9.9-repository\org\springframework\spring-test\6.2.5\spring-test-6.2.5.jar;D:\java\maven\maven3.9.9-repository\org\xmlunit\xmlunit-core\2.10.0\xmlunit-core-2.10.0.jar;"/>
    <property name="sun.cpu.endian" value="little"/>
    <property name="user.home" value="C:\Users\wuwen"/>
    <property name="user.language" value="zh"/>
    <property name="java.specification.vendor" value="Oracle Corporation"/>
    <property name="java.version.date" value="2022-01-18"/>
    <property name="java.home" value="D:\software\Java\develop_tools\jdk\jdk-17.0.2"/>
    <property name="file.separator" value="\"/>
    <property name="basedir" value="D:\700-code\710-GitHub\java-personal-blog\java-blog-backend"/>
    <property name="java.vm.compressedOopsMode" value="Zero based"/>
    <property name="line.separator" value="&#10;"/>
    <property name="java.vm.specification.vendor" value="Oracle Corporation"/>
    <property name="java.specification.name" value="Java Platform API Specification"/>
    <property name="FILE_LOG_CHARSET" value="GBK"/>
    <property name="java.awt.headless" value="true"/>
    <property name="surefire.real.class.path" value="C:\Users\wuwen\AppData\Local\Temp\surefire809101722040209680\surefirebooter-20250421010111438_3.jar"/>
    <property name="user.script" value=""/>
    <property name="sun.management.compiler" value="HotSpot 64-Bit Tiered Compilers"/>
    <property name="java.runtime.version" value="17.0.2+8-LTS-86"/>
    <property name="user.name" value="wuwen"/>
    <property name="path.separator" value=";"/>
    <property name="os.version" value="10.0"/>
    <property name="java.runtime.name" value="Java(TM) SE Runtime Environment"/>
    <property name="file.encoding" value="GBK"/>
    <property name="java.vm.name" value="Java HotSpot(TM) 64-Bit Server VM"/>
    <property name="localRepository" value="D:\java\maven\maven3.9.9-repository"/>
    <property name="java.vendor.url.bug" value="https://bugreport.java.com/bugreport/"/>
    <property name="java.io.tmpdir" value="C:\Users\wuwen\AppData\Local\Temp\"/>
    <property name="java.version" value="17.0.2"/>
    <property name="user.dir" value="D:\700-code\710-GitHub\java-personal-blog\java-blog-backend"/>
    <property name="os.arch" value="amd64"/>
    <property name="java.vm.specification.name" value="Java Virtual Machine Specification"/>
    <property name="PID" value="61964"/>
    <property name="sun.os.patch.level" value=""/>
    <property name="CONSOLE_LOG_CHARSET" value="GBK"/>
    <property name="native.encoding" value="GBK"/>
    <property name="java.library.path" value="D:\software\Java\develop_tools\jdk\jdk-17.0.2\bin;C:\WINDOWS\Sun\Java\bin;C:\WINDOWS\system32;C:\WINDOWS;C:\Program Files\PowerShell\7;D:\software\Java\develop_tools\jdk\jdk-17.0.2\bin;C:\Program Files\Common Files\Oracle\Java\javapath;C:\Program Files (x86)\Common Files\Oracle\Java\javapath;C:\ProgramData\Oracle\Java\javapath;D:\software\VMware\VMware Player\bin\;C:\WINDOWS\system32;C:\WINDOWS;C:\WINDOWS\System32\Wbem;C:\WINDOWS\System32\WindowsPowerShell\v1.0\;C:\WINDOWS\System32\OpenSSH\;C:\Users\wuwen\AppData\Roaming\nvm;D:\software\nodejs;D:\software\Meld\;C:\Program Files\dotnet\;D:\software\mysql-8.0.41-winx64\bin;C:\Users\wuwen\AppData\Local\Android\Sdk\platform-tools;C:\Users\wuwen\AppData\Local\Android\Sdk\emulator;C:\Users\wuwen\AppData\Local\Android\Sdk\tools;C:\Users\wuwen\AppData\Local\Android\Sdk\tools\bin;C:\Program Files\PowerShell\7\;D:\software\微信web开发者工具\dll;D:\software\Git\cmd;D:\software\Java\spring-3.4.4\bin;D:\software\Maven-3.9.9\bin;d:\software\Trae\bin;D:\software\python\Scripts\;D:\software\python\;C:\Users\wuwen\AppData\Local\pnpm;C:\Users\wuwen\AppData\Local\Microsoft\WindowsApps;D:\software\Microsoft VS Code\bin;C:\Users\wuwen\AppData\Roaming\nvm;D:\software\nodejs;D:\software\IntelliJ IDEA 2024.1.4\bin;;C:\Users\wuwen\AppData\Local\Programs\Ollama;D:\software\cursor\resources\app\bin;D:\software\Windsurf\bin;."/>
    <property name="java.vm.info" value="mixed mode, sharing"/>
    <property name="java.vendor" value="Oracle Corporation"/>
    <property name="java.vm.version" value="17.0.2+8-LTS-86"/>
    <property name="sun.io.unicode.encoding" value="UnicodeLittle"/>
    <property name="java.class.version" value="61.0"/>
    <property name="LOGGED_APPLICATION_NAME" value="[demo] "/>
  </properties>
  <testcase name="contextLoads" classname="com.example.blog_system.DemoApplicationTests" time="0.529">
    <system-out><![CDATA[01:01:12.006 [main] INFO org.springframework.test.context.support.AnnotationConfigContextLoaderUtils -- Could not detect default configuration classes for test class [com.example.blog_system.DemoApplicationTests]: DemoApplicationTests does not declare any static, non-private, non-final, nested classes annotated with @Configuration.
01:01:12.077 [main] INFO org.springframework.boot.test.context.SpringBootTestContextBootstrapper -- Found @SpringBootConfiguration com.example.blog_system.DemoApplication for test class com.example.blog_system.DemoApplicationTests
01:01:12.185 [main] INFO org.springframework.boot.devtools.restart.RestartApplicationListener -- Restart disabled due to context in which it is running

  .   ____          _            __ _ _
 /\\ / ___'_ __ _ _(_)_ __  __ _ \ \ \ \
( ( )\___ | '_ | '_| | '_ \/ _` | \ \ \ \
 \\/  ___)| |_)| | | | | || (_| |  ) ) ) )
  '  |____| .__|_| |_|_| |_\__, | / / / /
 =========|_|==============|___/=/_/_/_/

 :: Spring Boot ::                (v3.4.4)

2025-04-21T01:01:12.416+08:00  INFO 61964 --- [demo] [           main] c.e.blog_system.DemoApplicationTests     : Starting DemoApplicationTests using Java 17.0.2 with PID 61964 (started by wuwen in D:\700-code\710-GitHub\java-personal-blog\java-blog-backend)
2025-04-21T01:01:12.417+08:00  INFO 61964 --- [demo] [           main] c.e.blog_system.DemoApplicationTests     : No active profile set, falling back to 1 default profile: "default"
2025-04-21T01:01:13.369+08:00  INFO 61964 --- [demo] [           main] o.s.b.a.w.s.WelcomePageHandlerMapping    : Adding welcome page template: index
2025-04-21T01:01:13.827+08:00  INFO 61964 --- [demo] [           main] c.e.blog_system.DemoApplicationTests     : Started DemoApplicationTests in 1.65 seconds (process running for 2.274)
]]></system-out>
  </testcase>
</testsuite>